This file contains any messages produced by compilers while
running configure, to aid debugging if configure makes a mistake.

It was created by omniORBpy configure 4.2.4, which was
generated by GNU Autoconf 2.69.  Invocation command line was

  $ ../configure PYTHON=/usr/bin/python2.7

## --------- ##
## Platform. ##
## --------- ##

hostname = puma02
uname -m = x86_64
uname -r = 4.15.0-54-generic
uname -s = Linux
uname -v = #58-Ubuntu SMP Mon Jun 24 10:55:24 UTC 2019

/usr/bin/uname -p = unknown
/bin/uname -X     = unknown

/bin/arch              = unknown
/usr/bin/arch -k       = unknown
/usr/convex/getsysinfo = unknown
/usr/bin/hostinfo      = unknown
/bin/machine           = unknown
/usr/bin/oslevel       = unknown
/bin/universe          = unknown

PATH: /home/rihani/.local/bin
PATH: /usr/local/sbin
PATH: /usr/local/bin
PATH: /usr/sbin
PATH: /usr/bin
PATH: /sbin
PATH: /bin
PATH: /usr/games
PATH: /usr/local/games


## ----------- ##
## Core tests. ##
## ----------- ##

configure:1968: checking build system type
configure:1982: result: x86_64-unknown-linux-gnu
configure:2002: checking host system type
configure:2015: result: x86_64-unknown-linux-gnu
configure:2086: checking for gcc
configure:2102: found /usr/bin/gcc
configure:2113: result: gcc
configure:2342: checking for C compiler version
configure:2351: gcc --version >&5
gcc (Ubuntu 7.4.0-1ubuntu1~18.04.1) 7.4.0
Copyright (C) 2017 Free Software Foundation, Inc.
This is free software; see the source for copying conditions.  There is NO
warranty; not even for MERCHANTABILITY or FITNESS FOR A PARTICULAR PURPOSE.

configure:2362: $? = 0
configure:2351: gcc -v >&5
Using built-in specs.
COLLECT_GCC=gcc
COLLECT_LTO_WRAPPER=/usr/lib/gcc/x86_64-linux-gnu/7/lto-wrapper
OFFLOAD_TARGET_NAMES=nvptx-none
OFFLOAD_TARGET_DEFAULT=1
Target: x86_64-linux-gnu
Configured with: ../src/configure -v --with-pkgversion='Ubuntu 7.4.0-1ubuntu1~18.04.1' --with-bugurl=file:///usr/share/doc/gcc-7/README.Bugs --enable-languages=c,ada,c++,go,brig,d,fortran,objc,obj-c++ --prefix=/usr --with-gcc-major-version-only --program-suffix=-7 --program-prefix=x86_64-linux-gnu- --enable-shared --enable-linker-build-id --libexecdir=/usr/lib --without-included-gettext --enable-threads=posix --libdir=/usr/lib --enable-nls --with-sysroot=/ --enable-clocale=gnu --enable-libstdcxx-debug --enable-libstdcxx-time=yes --with-default-libstdcxx-abi=new --enable-gnu-unique-object --disable-vtable-verify --enable-libmpx --enable-plugin --enable-default-pie --with-system-zlib --with-target-system-zlib --enable-objc-gc=auto --enable-multiarch --disable-werror --with-arch-32=i686 --with-abi=m64 --with-multilib-list=m32,m64,mx32 --enable-multilib --with-tune=generic --enable-offload-targets=nvptx-none --without-cuda-driver --enable-checking=release --build=x86_64-linux-gnu --host=x86_64-linux-gnu --target=x86_64-linux-gnu
Thread model: posix
gcc version 7.4.0 (Ubuntu 7.4.0-1ubuntu1~18.04.1) 
configure:2362: $? = 0
configure:2351: gcc -V >&5
gcc: error: unrecognized command line option '-V'
gcc: fatal error: no input files
compilation terminated.
configure:2362: $? = 1
configure:2351: gcc -qversion >&5
gcc: error: unrecognized command line option '-qversion'; did you mean '--version'?
gcc: fatal error: no input files
compilation terminated.
configure:2362: $? = 1
configure:2382: checking whether the C compiler works
configure:2404: gcc    conftest.c  >&5
configure:2408: $? = 0
configure:2456: result: yes
configure:2459: checking for C compiler default output file name
configure:2461: result: a.out
configure:2467: checking for suffix of executables
configure:2474: gcc -o conftest    conftest.c  >&5
configure:2478: $? = 0
configure:2500: result: 
configure:2522: checking whether we are cross compiling
configure:2530: gcc -o conftest    conftest.c  >&5
configure:2534: $? = 0
configure:2541: ./conftest
configure:2545: $? = 0
configure:2560: result: no
configure:2565: checking for suffix of object files
configure:2587: gcc -c   conftest.c >&5
configure:2591: $? = 0
configure:2612: result: o
configure:2616: checking whether we are using the GNU C compiler
configure:2635: gcc -c   conftest.c >&5
configure:2635: $? = 0
configure:2644: result: yes
configure:2653: checking whether gcc accepts -g
configure:2673: gcc -c -g  conftest.c >&5
configure:2673: $? = 0
configure:2714: result: yes
configure:2731: checking for gcc option to accept ISO C89
configure:2794: gcc  -c -g -O2  conftest.c >&5
configure:2794: $? = 0
configure:2807: result: none needed
configure:2885: checking for g++
configure:2901: found /usr/bin/g++
configure:2912: result: g++
configure:2939: checking for C++ compiler version
configure:2948: g++ --version >&5
g++ (Ubuntu 7.4.0-1ubuntu1~18.04.1) 7.4.0
Copyright (C) 2017 Free Software Foundation, Inc.
This is free software; see the source for copying conditions.  There is NO
warranty; not even for MERCHANTABILITY or FITNESS FOR A PARTICULAR PURPOSE.

configure:2959: $? = 0
configure:2948: g++ -v >&5
Using built-in specs.
COLLECT_GCC=g++
COLLECT_LTO_WRAPPER=/usr/lib/gcc/x86_64-linux-gnu/7/lto-wrapper
OFFLOAD_TARGET_NAMES=nvptx-none
OFFLOAD_TARGET_DEFAULT=1
Target: x86_64-linux-gnu
Configured with: ../src/configure -v --with-pkgversion='Ubuntu 7.4.0-1ubuntu1~18.04.1' --with-bugurl=file:///usr/share/doc/gcc-7/README.Bugs --enable-languages=c,ada,c++,go,brig,d,fortran,objc,obj-c++ --prefix=/usr --with-gcc-major-version-only --program-suffix=-7 --program-prefix=x86_64-linux-gnu- --enable-shared --enable-linker-build-id --libexecdir=/usr/lib --without-included-gettext --enable-threads=posix --libdir=/usr/lib --enable-nls --with-sysroot=/ --enable-clocale=gnu --enable-libstdcxx-debug --enable-libstdcxx-time=yes --with-default-libstdcxx-abi=new --enable-gnu-unique-object --disable-vtable-verify --enable-libmpx --enable-plugin --enable-default-pie --with-system-zlib --with-target-system-zlib --enable-objc-gc=auto --enable-multiarch --disable-werror --with-arch-32=i686 --with-abi=m64 --with-multilib-list=m32,m64,mx32 --enable-multilib --with-tune=generic --enable-offload-targets=nvptx-none --without-cuda-driver --enable-checking=release --build=x86_64-linux-gnu --host=x86_64-linux-gnu --target=x86_64-linux-gnu
Thread model: posix
gcc version 7.4.0 (Ubuntu 7.4.0-1ubuntu1~18.04.1) 
configure:2959: $? = 0
configure:2948: g++ -V >&5
g++: error: unrecognized command line option '-V'
g++: fatal error: no input files
compilation terminated.
configure:2959: $? = 1
configure:2948: g++ -qversion >&5
g++: error: unrecognized command line option '-qversion'; did you mean '--version'?
g++: fatal error: no input files
compilation terminated.
configure:2959: $? = 1
configure:2963: checking whether we are using the GNU C++ compiler
configure:2982: g++ -c   conftest.cpp >&5
configure:2982: $? = 0
configure:2991: result: yes
configure:3000: checking whether g++ accepts -g
configure:3020: g++ -c -g  conftest.cpp >&5
configure:3020: $? = 0
configure:3061: result: yes
configure:3089: checking how to run the C preprocessor
configure:3120: gcc -E  conftest.c
configure:3120: $? = 0
configure:3134: gcc -E  conftest.c
conftest.c:9:10: fatal error: ac_nonexistent.h: No such file or directory
 #include <ac_nonexistent.h>
          ^~~~~~~~~~~~~~~~~~
compilation terminated.
configure:3134: $? = 1
configure: failed program was:
| /* confdefs.h */
| #define PACKAGE_NAME "omniORBpy"
| #define PACKAGE_TARNAME "omniorbpy"
| #define PACKAGE_VERSION "4.2.4"
| #define PACKAGE_STRING "omniORBpy 4.2.4"
| #define PACKAGE_BUGREPORT "bugs@omniorb-support.com"
| #define PACKAGE_URL ""
| /* end confdefs.h.  */
| #include <ac_nonexistent.h>
configure:3159: result: gcc -E
configure:3179: gcc -E  conftest.c
configure:3179: $? = 0
configure:3193: gcc -E  conftest.c
conftest.c:9:10: fatal error: ac_nonexistent.h: No such file or directory
 #include <ac_nonexistent.h>
          ^~~~~~~~~~~~~~~~~~
compilation terminated.
configure:3193: $? = 1
configure: failed program was:
| /* confdefs.h */
| #define PACKAGE_NAME "omniORBpy"
| #define PACKAGE_TARNAME "omniorbpy"
| #define PACKAGE_VERSION "4.2.4"
| #define PACKAGE_STRING "omniORBpy 4.2.4"
| #define PACKAGE_BUGREPORT "bugs@omniorb-support.com"
| #define PACKAGE_URL ""
| /* end confdefs.h.  */
| #include <ac_nonexistent.h>
configure:3264: checking for ranlib
configure:3280: found /usr/bin/ranlib
configure:3291: result: ranlib
configure:3327: checking for a BSD-compatible install
configure:3395: result: /usr/bin/install -c
configure:3406: checking whether make sets $(MAKE)
configure:3428: result: yes
configure:3501: checking for python version
configure:3508: result: 2.7
configure:3520: checking for python platform
configure:3527: result: linux2
configure:3553: checking for python script directory
configure:3588: result: ${prefix}/lib/python2.7/dist-packages
configure:3597: checking for python extension module directory
configure:3632: result: ${exec_prefix}/lib/python2.7/dist-packages
configure:3656: checking for omniORB root
configure:3680: result: /usr/local
configure:3745: checking for pkg-config
configure:3763: found /usr/bin/pkg-config
configure:3775: result: /usr/bin/pkg-config
configure:3800: checking pkg-config is at least version 0.9.0
configure:3803: result: yes
configure:3811: checking for OpenSSL root
configure:3826: result: no
configure:3983: checking for compressBound in -lz
configure:4008: g++ -o conftest -g -O2   conftest.cpp -lz   >&5
configure:4008: $? = 0
configure:4017: result: yes
configure:4037: checking for omkdepend
configure:4055: found /usr/local/bin/omkdepend
configure:4067: result: /usr/local/bin/omkdepend
configure:4083: checking for omkdirhier
configure:4101: found /home/rihani/Bureau/yahia/omniORBpy-4.2.4/bin/scripts/omkdirhier
configure:4113: result: /home/rihani/Bureau/yahia/omniORBpy-4.2.4/bin/scripts/omkdirhier
configure:4384: creating ./config.status

## ---------------------- ##
## Running config.status. ##
## ---------------------- ##

This file was extended by omniORBpy config.status 4.2.4, which was
generated by GNU Autoconf 2.69.  Invocation command line was

  CONFIG_FILES    = 
  CONFIG_HEADERS  = 
  CONFIG_LINKS    = 
  CONFIG_COMMANDS = 
  $ ./config.status 

on puma02

config.status:782: creating mk/beforeauto.mk
config.status:885: WARNING:  '../mk/beforeauto.mk.in' seems to ignore the --datarootdir setting
config.status:782: creating mk/afterauto.mk
config.status:782: creating GNUmakefile
config.status:782: creating examples/embed/GNUmakefile
config.status:782: creating modules/GNUmakefile
config.status:782: creating modules/codesets/GNUmakefile
config.status:782: creating modules/sslTP/GNUmakefile
config.status:782: creating modules/connections/GNUmakefile
config.status:782: creating modules/ziop/GNUmakefile
config.status:782: creating python/GNUmakefile
config.status:782: creating python/omniidl_be/GNUmakefile
config.status:782: creating python/COS/GNUmakefile
config.status:782: creating python/omniORB/GNUmakefile
config.status:782: creating python3/GNUmakefile
config.status:782: creating python3/omniidl_be/GNUmakefile
config.status:782: creating python3/COS/GNUmakefile
config.status:782: creating python3/omniORB/GNUmakefile
config.status:782: creating include/GNUmakefile

## ---------------- ##
## Cache variables. ##
## ---------------- ##

ac_cv_build=x86_64-unknown-linux-gnu
ac_cv_c_compiler_gnu=yes
ac_cv_cxx_compiler_gnu=yes
ac_cv_env_CCC_set=
ac_cv_env_CCC_value=
ac_cv_env_CC_set=
ac_cv_env_CC_value=
ac_cv_env_CFLAGS_set=
ac_cv_env_CFLAGS_value=
ac_cv_env_CPPFLAGS_set=
ac_cv_env_CPPFLAGS_value=
ac_cv_env_CPP_set=
ac_cv_env_CPP_value=
ac_cv_env_CXXFLAGS_set=
ac_cv_env_CXXFLAGS_value=
ac_cv_env_CXX_set=
ac_cv_env_CXX_value=
ac_cv_env_LDFLAGS_set=
ac_cv_env_LDFLAGS_value=
ac_cv_env_LIBS_set=
ac_cv_env_LIBS_value=
ac_cv_env_OPENSSL_CFLAGS_set=
ac_cv_env_OPENSSL_CFLAGS_value=
ac_cv_env_OPENSSL_LIBS_set=
ac_cv_env_OPENSSL_LIBS_value=
ac_cv_env_PKG_CONFIG_LIBDIR_set=
ac_cv_env_PKG_CONFIG_LIBDIR_value=
ac_cv_env_PKG_CONFIG_PATH_set=
ac_cv_env_PKG_CONFIG_PATH_value=
ac_cv_env_PKG_CONFIG_set=
ac_cv_env_PKG_CONFIG_value=
ac_cv_env_PYTHON_set=set
ac_cv_env_PYTHON_value=/usr/bin/python2.7
ac_cv_env_build_alias_set=
ac_cv_env_build_alias_value=
ac_cv_env_host_alias_set=
ac_cv_env_host_alias_value=
ac_cv_env_target_alias_set=
ac_cv_env_target_alias_value=
ac_cv_host=x86_64-unknown-linux-gnu
ac_cv_lib_z_compressBound=yes
ac_cv_objext=o
ac_cv_path_MKDIRHIER=/home/rihani/Bureau/yahia/omniORBpy-4.2.4/bin/scripts/omkdirhier
ac_cv_path_OMKDEPEND=/usr/local/bin/omkdepend
ac_cv_path_ac_pt_PKG_CONFIG=/usr/bin/pkg-config
ac_cv_path_install='/usr/bin/install -c'
ac_cv_prog_CPP='gcc -E'
ac_cv_prog_ac_ct_CC=gcc
ac_cv_prog_ac_ct_CXX=g++
ac_cv_prog_ac_ct_RANLIB=ranlib
ac_cv_prog_cc_c89=
ac_cv_prog_cc_g=yes
ac_cv_prog_cxx_g=yes
ac_cv_prog_make_make_set=yes
am_cv_python_platform=linux2
am_cv_python_pyexecdir='${exec_prefix}/lib/python2.7/dist-packages'
am_cv_python_pythondir='${prefix}/lib/python2.7/dist-packages'
am_cv_python_version=2.7
omni_cv_enable_ziop=yes
omni_cv_omniorb_root=/usr/local
omni_cv_openssl_root=no

## ----------------- ##
## Output variables. ##
## ----------------- ##

CC='gcc'
CFLAGS='-g -O2'
COMPILER_NAME='Compiler_GCC'
CPP='gcc -E'
CPPFLAGS=''
CXX='g++'
CXXFLAGS='-g -O2'
DEFS='-DPACKAGE_NAME=\"omniORBpy\" -DPACKAGE_TARNAME=\"omniorbpy\" -DPACKAGE_VERSION=\"4.2.4\" -DPACKAGE_STRING=\"omniORBpy\ 4.2.4\" -DPACKAGE_BUGREPORT=\"bugs@omniorb-support.com\" -DPACKAGE_URL=\"\"'
ECHO_C=''
ECHO_N='-n'
ECHO_T=''
ENABLE_ZIOP='yes'
EXEEXT=''
EXTRA_GCC_CXXFLAGS=''
INSTALL_DATA='${INSTALL} -m 644'
INSTALL_PROGRAM='${INSTALL}'
INSTALL_SCRIPT='${INSTALL}'
LDFLAGS=''
LIBOBJS=''
LIBS=''
LTLIBOBJS=''
MKDIRHIER='/home/rihani/Bureau/yahia/omniORBpy-4.2.4/bin/scripts/omkdirhier'
OBJEXT='o'
OMKDEPEND='/usr/local/bin/omkdepend'
OMNIORB_ROOT='/usr/local'
OPENSSL_CFLAGS=''
OPENSSL_LIBS=''
OPEN_SSL_CPPFLAGS=''
OPEN_SSL_LIB=''
OPEN_SSL_ROOT=''
OSVERSION='2'
PACKAGE_BUGREPORT='bugs@omniorb-support.com'
PACKAGE_NAME='omniORBpy'
PACKAGE_STRING='omniORBpy 4.2.4'
PACKAGE_TARNAME='omniorbpy'
PACKAGE_URL=''
PACKAGE_VERSION='4.2.4'
PATH_SEPARATOR=':'
PKG_CONFIG='/usr/bin/pkg-config'
PKG_CONFIG_LIBDIR=''
PKG_CONFIG_PATH=''
PLATFORM_DEFINE='__linux__'
PLATFORM_NAME='Linux'
PROCESSOR_DEFINE='__x86_64__'
PROCESSOR_NAME='x8664Processor'
PYTHON='/usr/bin/python2.7'
PYTHON_EXEC_PREFIX='${exec_prefix}'
PYTHON_PLATFORM='linux2'
PYTHON_PREFIX='${prefix}'
PYTHON_VERSION='2.7'
RANLIB='ranlib'
SET_MAKE=''
SHELL='/bin/bash'
ac_ct_CC='gcc'
ac_ct_CXX='g++'
bindir='${exec_prefix}/bin'
build='x86_64-unknown-linux-gnu'
build_alias=''
build_cpu='x86_64'
build_os='linux-gnu'
build_vendor='unknown'
datadir='${datarootdir}'
datarootdir='${prefix}/share'
docdir='${datarootdir}/doc/${PACKAGE_TARNAME}'
dvidir='${docdir}'
exec_prefix='${prefix}'
host='x86_64-unknown-linux-gnu'
host_alias=''
host_cpu='x86_64'
host_os='linux-gnu'
host_vendor='unknown'
htmldir='${docdir}'
includedir='${prefix}/include'
infodir='${datarootdir}/info'
libdir='${exec_prefix}/lib'
libexecdir='${exec_prefix}/libexec'
localedir='${datarootdir}/locale'
localstatedir='${prefix}/var'
mandir='${datarootdir}/man'
oldincludedir='/usr/include'
pdfdir='${docdir}'
pkgpyexecdir='${pyexecdir}/'
pkgpythondir='${pythondir}/'
prefix='/usr/local'
program_transform_name='s,x,x,'
psdir='${docdir}'
pyexecdir='${exec_prefix}/lib/python2.7/dist-packages'
pythondir='${prefix}/lib/python2.7/dist-packages'
sbindir='${exec_prefix}/sbin'
sharedstatedir='${prefix}/com'
sysconfdir='${prefix}/etc'
target_alias=''

## ----------- ##
## confdefs.h. ##
## ----------- ##

/* confdefs.h */
#define PACKAGE_NAME "omniORBpy"
#define PACKAGE_TARNAME "omniorbpy"
#define PACKAGE_VERSION "4.2.4"
#define PACKAGE_STRING "omniORBpy 4.2.4"
#define PACKAGE_BUGREPORT "bugs@omniorb-support.com"
#define PACKAGE_URL ""

configure: exit 0
